*** Using Compiler 'V5.06 update 7 (build 960)', folder: 'D:\stm32\mdk\ARM\ARMCC\Bin'
Rebuild target 'TIMER'
assembling startup_stm32f40_41xxx.s...
compiling timer.c...
compiling stm32f4xx_gpio.c...
compiling usart.c...
compiling led.c...
compiling misc.c...
compiling stm32f4xx_it.c...
compiling main.c...
compiling sys.c...
compiling delay.c...
compiling system_stm32f4xx.c...
compiling stm32f4xx_rcc.c...
compiling stm32f4xx_syscfg.c...
compiling stm32f4xx_usart.c...
compiling stm32f4xx_tim.c...
linking...
Program Size: Code=8624 RO-data=424 RW-data=48 ZI-data=1832  
FromELF: creating hex file...
"..\OBJ\TIMER.axf" - 0 Error(s), 0 Warning(s).
Build Time Elapsed:  00:00:03
